  Source.c
C:\Users\n9581766\OneDrive - Queensland University of Technology\Desktop\RESEARCH\gitRepos\seq2vec\seq2vec_train\seq2vec_ppi\Source.c(120,9): warning C4101: 'number': unreferenced local variable
C:\Users\n9581766\OneDrive - Queensland University of Technology\Desktop\RESEARCH\gitRepos\seq2vec\seq2vec_train\seq2vec_ppi\Source.c(166,42): warning C4244: 'return': conversion from 'double' to 'int', possible loss of data
C:\Users\n9581766\OneDrive - Queensland University of Technology\Desktop\RESEARCH\gitRepos\seq2vec\seq2vec_train\seq2vec_ppi\Source.c(184,35): warning C4244: '=': conversion from 'double' to 'int', possible loss of data
C:\Users\n9581766\OneDrive - Queensland University of Technology\Desktop\RESEARCH\gitRepos\seq2vec\seq2vec_train\seq2vec_ppi\Source.c(232,24): warning C4013: 'KmerIndex' undefined; assuming extern returning int
C:\Users\n9581766\OneDrive - Queensland University of Technology\Desktop\RESEARCH\gitRepos\seq2vec\seq2vec_train\seq2vec_ppi\Source.c(298,6): warning C4101: 'Leng': unreferenced local variable
C:\Users\n9581766\OneDrive - Queensland University of Technology\Desktop\RESEARCH\gitRepos\seq2vec\seq2vec_train\seq2vec_ppi\Source.c(465,46): warning C4244: '+=': conversion from 'double' to 'int', possible loss of data
C:\Users\n9581766\OneDrive - Queensland University of Technology\Desktop\RESEARCH\gitRepos\seq2vec\seq2vec_train\seq2vec_ppi\Source.c(494,55): warning C4244: '+=': conversion from 'double' to 'int', possible loss of data
C:\Users\n9581766\OneDrive - Queensland University of Technology\Desktop\RESEARCH\gitRepos\seq2vec\seq2vec_train\seq2vec_ppi\Source.c(495,61): warning C4244: '+=': conversion from 'double' to 'int', possible loss of data
C:\Users\n9581766\OneDrive - Queensland University of Technology\Desktop\RESEARCH\gitRepos\seq2vec\seq2vec_train\seq2vec_ppi\Source.c(497,35): warning C4018: '<': signed/unsigned mismatch
C:\Users\n9581766\OneDrive - Queensland University of Technology\Desktop\RESEARCH\gitRepos\seq2vec\seq2vec_train\seq2vec_ppi\Source.c(514,26): warning C4018: '<': signed/unsigned mismatch
C:\Users\n9581766\OneDrive - Queensland University of Technology\Desktop\RESEARCH\gitRepos\seq2vec\seq2vec_train\seq2vec_ppi\Source.c(603,54): warning C4244: '+=': conversion from 'double' to 'int', possible loss of data
C:\Users\n9581766\OneDrive - Queensland University of Technology\Desktop\RESEARCH\gitRepos\seq2vec\seq2vec_train\seq2vec_ppi\Source.c(604,60): warning C4244: '+=': conversion from 'double' to 'int', possible loss of data
C:\Users\n9581766\OneDrive - Queensland University of Technology\Desktop\RESEARCH\gitRepos\seq2vec\seq2vec_train\seq2vec_ppi\Source.c(606,34): warning C4018: '<': signed/unsigned mismatch
C:\Users\n9581766\OneDrive - Queensland University of Technology\Desktop\RESEARCH\gitRepos\seq2vec\seq2vec_train\seq2vec_ppi\Source.c(624,25): warning C4018: '<': signed/unsigned mismatch
C:\Users\n9581766\OneDrive - Queensland University of Technology\Desktop\RESEARCH\gitRepos\seq2vec\seq2vec_train\seq2vec_ppi\Source.c(369,7): warning C4101: 'filename': unreferenced local variable
  Generating code
  6 of 15 functions (40.0%) were compiled, the rest were copied from previous compilation.
    0 functions were new in current compilation
    0 functions had inline decision re-evaluated but remain unchanged
  Finished generating code
  seq2vec_ppi.vcxproj -> C:\Users\n9581766\OneDrive - Queensland University of Technology\Desktop\RESEARCH\gitRepos\seq2vec\seq2vec_train\Release\seq2vec_ppi.exe
